<?xml version="1.0" encoding="UTF-8"?>
<!-- Generated by org.testng.reporters.JUnitReportReporter -->
<testsuite hostname="Sourabh" failures="0" tests="4" name="jenkins.DataDrivenLoginTest" time="24.163" errors="0" timestamp="2025-10-30T16:13:08 IST" skipped="0">
  <testcase classname="jenkins.DataDrivenLoginTest" name="testMultipleLogins" time="6.072"/>
  <testcase classname="jenkins.DataDrivenLoginTest" name="testMultipleLogins" time="5.789"/>
  <testcase classname="jenkins.DataDrivenLoginTest" name="testMultipleLogins" time="6.287"/>
  <testcase classname="jenkins.DataDrivenLoginTest" name="testMultipleLogins" time="6.015"/>
</testsuite> <!-- jenkins.DataDrivenLoginTest -->
