<?xml version="1.0" encoding="UTF-8"?>
<!-- Generated by org.testng.reporters.JUnitReportReporter -->
<testsuite hostname="Sourabh" failures="0" tests="1" name="jenkins.LogoutTest" time="6.505" errors="0" timestamp="2025-10-30T16:13:08 IST" skipped="0">
  <testcase classname="jenkins.LogoutTest" name="verifyLogout" time="6.505"/>
</testsuite> <!-- jenkins.LogoutTest -->
