<?xml version="1.0" encoding="UTF-8"?>
<!-- Generated by org.testng.reporters.JUnitReportReporter -->
<testsuite hostname="Sourabh" failures="0" tests="2" name="jenkins.LoginTest" time="13.728" errors="0" timestamp="2025-10-30T16:13:08 IST" skipped="0">
  <testcase classname="jenkins.LoginTest" name="invalidLoginTest" time="5.964"/>
  <testcase classname="jenkins.LoginTest" name="validLoginTest" time="7.764"/>
</testsuite> <!-- jenkins.LoginTest -->
