<?xml version="1.0" encoding="UTF-8"?>
<!-- Generated by org.testng.reporters.JUnitReportReporter -->
<testsuite hostname="Sourabh" failures="0" tests="1" name="jenkins.PurchaseTest" time="6.449" errors="0" timestamp="2025-10-30T16:13:08 IST" skipped="0">
  <testcase classname="jenkins.PurchaseTest" name="verifyPurchaseFlow" time="6.449"/>
</testsuite> <!-- jenkins.PurchaseTest -->
